{"C:\\Users\\sachi\\Desktop\\infinite\\infinitescroll\\src\\App.tsx": {"path":"C:\\Users\\sachi\\Desktop\\infinite\\infinitescroll\\src\\App.tsx","statementMap":{"0":{"start":{"line":22,"column":4},"end":{"line":22,"column":17}},"1":{"start":{"line":24,"column":4},"end":{"line":31,"column":6}},"2":{"start":{"line":35,"column":4},"end":{"line":35,"column":22}},"3":{"start":{"line":36,"column":4},"end":{"line":36,"column":56}},"4":{"start":{"line":37,"column":4},"end":{"line":37,"column":63}},"5":{"start":{"line":41,"column":4},"end":{"line":41,"column":33}},"6":{"start":{"line":42,"column":4},"end":{"line":42,"column":66}},"7":{"start":{"line":45,"column":23},"end":{"line":54,"column":3}},"8":{"start":{"line":46,"column":20},"end":{"line":46,"column":34}},"9":{"start":{"line":47,"column":24},"end":{"line":47,"column":34}},"10":{"start":{"line":48,"column":4},"end":{"line":53,"column":5}},"11":{"start":{"line":52,"column":6},"end":{"line":52,"column":24}},"12":{"start":{"line":56,"column":15},"end":{"line":84,"column":3}},"13":{"start":{"line":57,"column":37},"end":{"line":57,"column":47}},"14":{"start":{"line":58,"column":4},"end":{"line":61,"column":5}},"15":{"start":{"line":59,"column":6},"end":{"line":59,"column":75}},"16":{"start":{"line":60,"column":6},"end":{"line":60,"column":13}},"17":{"start":{"line":63,"column":4},"end":{"line":83,"column":5}},"18":{"start":{"line":64,"column":6},"end":{"line":64,"column":39}},"19":{"start":{"line":66,"column":23},"end":{"line":68,"column":7}},"20":{"start":{"line":69,"column":6},"end":{"line":73,"column":7}},"21":{"start":{"line":70,"column":8},"end":{"line":72,"column":11}},"22":{"start":{"line":75,"column":6},"end":{"line":78,"column":9}},"23":{"start":{"line":80,"column":6},"end":{"line":80,"column":52}},"24":{"start":{"line":82,"column":6},"end":{"line":82,"column":40}},"25":{"start":{"line":86,"column":17},"end":{"line":98,"column":3}},"26":{"start":{"line":87,"column":22},"end":{"line":87,"column":32}},"27":{"start":{"line":88,"column":4},"end":{"line":91,"column":5}},"28":{"start":{"line":89,"column":6},"end":{"line":89,"column":43}},"29":{"start":{"line":90,"column":6},"end":{"line":90,"column":13}},"30":{"start":{"line":92,"column":21},"end":{"line":96,"column":5}},"31":{"start":{"line":94,"column":8},"end":{"line":95,"column":68}},"32":{"start":{"line":97,"column":4},"end":{"line":97,"column":47}},"33":{"start":{"line":100,"column":21},"end":{"line":102,"column":3}},"34":{"start":{"line":101,"column":4},"end":{"line":101,"column":42}},"35":{"start":{"line":105,"column":53},"end":{"line":105,"column":63}},"36":{"start":{"line":106,"column":4},"end":{"line":135,"column":6}}},"fnMap":{"0":{"name":"(anonymous_0)","decl":{"start":{"line":21,"column":2},"end":{"line":21,"column":3}},"loc":{"start":{"line":21,"column":25},"end":{"line":32,"column":3}},"line":21},"1":{"name":"(anonymous_1)","decl":{"start":{"line":34,"column":2},"end":{"line":34,"column":3}},"loc":{"start":{"line":34,"column":22},"end":{"line":38,"column":3}},"line":34},"2":{"name":"(anonymous_2)","decl":{"start":{"line":40,"column":2},"end":{"line":40,"column":3}},"loc":{"start":{"line":40,"column":25},"end":{"line":43,"column":3}},"line":40},"3":{"name":"(anonymous_3)","decl":{"start":{"line":45,"column":23},"end":{"line":45,"column":24}},"loc":{"start":{"line":45,"column":29},"end":{"line":54,"column":3}},"line":45},"4":{"name":"(anonymous_4)","decl":{"start":{"line":56,"column":15},"end":{"line":56,"column":16}},"loc":{"start":{"line":56,"column":27},"end":{"line":84,"column":3}},"line":56},"5":{"name":"(anonymous_5)","decl":{"start":{"line":86,"column":17},"end":{"line":86,"column":18}},"loc":{"start":{"line":86,"column":41},"end":{"line":98,"column":3}},"line":86},"6":{"name":"(anonymous_6)","decl":{"start":{"line":93,"column":6},"end":{"line":93,"column":7}},"loc":{"start":{"line":94,"column":8},"end":{"line":95,"column":68}},"line":94},"7":{"name":"(anonymous_7)","decl":{"start":{"line":100,"column":21},"end":{"line":100,"column":22}},"loc":{"start":{"line":100,"column":37},"end":{"line":102,"column":3}},"line":100},"8":{"name":"(anonymous_8)","decl":{"start":{"line":104,"column":2},"end":{"line":104,"column":3}},"loc":{"start":{"line":104,"column":11},"end":{"line":136,"column":3}},"line":104}},"branchMap":{"0":{"loc":{"start":{"line":48,"column":4},"end":{"line":53,"column":5}},"type":"if","locations":[{"start":{"line":48,"column":4},"end":{"line":53,"column":5}},{"start":{},"end":{}}],"line":48},"1":{"loc":{"start":{"line":49,"column":6},"end":{"line":50,"column":70}},"type":"binary-expr","locations":[{"start":{"line":49,"column":6},"end":{"line":49,"column":14}},{"start":{"line":50,"column":6},"end":{"line":50,"column":70}}],"line":49},"2":{"loc":{"start":{"line":58,"column":4},"end":{"line":61,"column":5}},"type":"if","locations":[{"start":{"line":58,"column":4},"end":{"line":61,"column":5}},{"start":{},"end":{}}],"line":58},"3":{"loc":{"start":{"line":58,"column":8},"end":{"line":58,"column":45}},"type":"binary-expr","locations":[{"start":{"line":58,"column":8},"end":{"line":58,"column":16}},{"start":{"line":58,"column":20},"end":{"line":58,"column":45}}],"line":58},"4":{"loc":{"start":{"line":69,"column":6},"end":{"line":73,"column":7}},"type":"if","locations":[{"start":{"line":69,"column":6},"end":{"line":73,"column":7}},{"start":{},"end":{}}],"line":69},"5":{"loc":{"start":{"line":88,"column":4},"end":{"line":91,"column":5}},"type":"if","locations":[{"start":{"line":88,"column":4},"end":{"line":91,"column":5}},{"start":{},"end":{}}],"line":88},"6":{"loc":{"start":{"line":94,"column":8},"end":{"line":95,"column":68}},"type":"binary-expr","locations":[{"start":{"line":94,"column":8},"end":{"line":94,"column":67}},{"start":{"line":95,"column":8},"end":{"line":95,"column":68}}],"line":94},"7":{"loc":{"start":{"line":110,"column":11},"end":{"line":110,"column":72}},"type":"binary-expr","locations":[{"start":{"line":110,"column":11},"end":{"line":110,"column":18}},{"start":{"line":110,"column":22},"end":{"line":110,"column":72}}],"line":110},"8":{"loc":{"start":{"line":118,"column":22},"end":{"line":120,"column":42}},"type":"cond-expr","locations":[{"start":{"line":119,"column":26},"end":{"line":119,"column":39}},{"start":{"line":120,"column":26},"end":{"line":120,"column":42}}],"line":118}},"s":{"0":8,"1":8,"2":8,"3":8,"4":8,"5":8,"6":8,"7":8,"8":9,"9":9,"10":9,"11":0,"12":8,"13":9,"14":9,"15":0,"16":0,"17":9,"18":9,"19":9,"20":9,"21":9,"22":8,"23":1,"24":9,"25":8,"26":0,"27":0,"28":0,"29":0,"30":0,"31":0,"32":0,"33":8,"34":0,"35":18,"36":18},"f":{"0":8,"1":8,"2":8,"3":9,"4":9,"5":0,"6":0,"7":0,"8":18},"b":{"0":[0,9],"1":[9,0],"2":[0,9],"3":[9,0],"4":[9,0],"5":[0,0],"6":[0,0],"7":[18,10],"8":[0,18]},"_coverageSchema":"1a1c01bbd47fc00a2c39e90264f33305004495a9","hash":"35be034aeb0bf80b40a240e8472ab9fdf9c86f72"}
,"C:\\Users\\sachi\\Desktop\\infinite\\infinitescroll\\src\\Components\\PostDetails.tsx": {"path":"C:\\Users\\sachi\\Desktop\\infinite\\infinitescroll\\src\\Components\\PostDetails.tsx","statementMap":{"0":{"start":{"line":21,"column":21},"end":{"line":21,"column":31}},"1":{"start":{"line":22,"column":4},"end":{"line":24,"column":5}},"2":{"start":{"line":23,"column":6},"end":{"line":23,"column":69}},"3":{"start":{"line":26,"column":4},"end":{"line":55,"column":6}}},"fnMap":{"0":{"name":"(anonymous_0)","decl":{"start":{"line":20,"column":2},"end":{"line":20,"column":3}},"loc":{"start":{"line":20,"column":11},"end":{"line":56,"column":3}},"line":20}},"branchMap":{"0":{"loc":{"start":{"line":22,"column":4},"end":{"line":24,"column":5}},"type":"if","locations":[{"start":{"line":22,"column":4},"end":{"line":24,"column":5}},{"start":{},"end":{}}],"line":22}},"s":{"0":2,"1":2,"2":1,"3":1},"f":{"0":2},"b":{"0":[1,1]},"_coverageSchema":"1a1c01bbd47fc00a2c39e90264f33305004495a9","hash":"f60c381dad05339a15a50543ce4ecf0721cbfda4"}
,"C:\\Users\\sachi\\Desktop\\infinite\\infinitescroll\\src\\Components\\PostList.tsx": {"path":"C:\\Users\\sachi\\Desktop\\infinite\\infinitescroll\\src\\Components\\PostList.tsx","statementMap":{"0":{"start":{"line":19,"column":4},"end":{"line":19,"column":17}},"1":{"start":{"line":21,"column":4},"end":{"line":23,"column":6}},"2":{"start":{"line":27,"column":36},"end":{"line":27,"column":46}},"3":{"start":{"line":28,"column":4},"end":{"line":80,"column":6}},"4":{"start":{"line":40,"column":12},"end":{"line":76,"column":19}},"5":{"start":{"line":44,"column":29},"end":{"line":44,"column":47}}},"fnMap":{"0":{"name":"(anonymous_0)","decl":{"start":{"line":18,"column":2},"end":{"line":18,"column":3}},"loc":{"start":{"line":18,"column":36},"end":{"line":24,"column":3}},"line":18},"1":{"name":"(anonymous_1)","decl":{"start":{"line":26,"column":2},"end":{"line":26,"column":3}},"loc":{"start":{"line":26,"column":11},"end":{"line":81,"column":3}},"line":26},"2":{"name":"(anonymous_2)","decl":{"start":{"line":31,"column":21},"end":{"line":31,"column":22}},"loc":{"start":{"line":40,"column":12},"end":{"line":76,"column":19}},"line":40},"3":{"name":"(anonymous_3)","decl":{"start":{"line":44,"column":23},"end":{"line":44,"column":24}},"loc":{"start":{"line":44,"column":29},"end":{"line":44,"column":47}},"line":44}},"branchMap":{},"s":{"0":10,"1":10,"2":20,"3":20,"4":4,"5":1},"f":{"0":10,"1":20,"2":4,"3":1},"b":{},"_coverageSchema":"1a1c01bbd47fc00a2c39e90264f33305004495a9","hash":"93b457166f41bcdc77471119a171b56b2e31e8e3"}
,"C:\\Users\\sachi\\Desktop\\infinite\\infinitescroll\\src\\Components\\SearchBar.tsx": {"path":"C:\\Users\\sachi\\Desktop\\infinite\\infinitescroll\\src\\Components\\SearchBar.tsx","statementMap":{"0":{"start":{"line":15,"column":4},"end":{"line":15,"column":17}},"1":{"start":{"line":17,"column":4},"end":{"line":19,"column":6}},"2":{"start":{"line":22,"column":17},"end":{"line":25,"column":3}},"3":{"start":{"line":23,"column":23},"end":{"line":23,"column":51}},"4":{"start":{"line":24,"column":4},"end":{"line":24,"column":34}},"5":{"start":{"line":27,"column":17},"end":{"line":30,"column":3}},"6":{"start":{"line":28,"column":27},"end":{"line":28,"column":37}},"7":{"start":{"line":29,"column":4},"end":{"line":29,"column":36}},"8":{"start":{"line":33,"column":27},"end":{"line":33,"column":37}},"9":{"start":{"line":35,"column":4},"end":{"line":55,"column":6}}},"fnMap":{"0":{"name":"(anonymous_0)","decl":{"start":{"line":14,"column":2},"end":{"line":14,"column":3}},"loc":{"start":{"line":14,"column":37},"end":{"line":20,"column":3}},"line":14},"1":{"name":"(anonymous_1)","decl":{"start":{"line":22,"column":17},"end":{"line":22,"column":18}},"loc":{"start":{"line":22,"column":61},"end":{"line":25,"column":3}},"line":22},"2":{"name":"(anonymous_2)","decl":{"start":{"line":27,"column":17},"end":{"line":27,"column":18}},"loc":{"start":{"line":27,"column":23},"end":{"line":30,"column":3}},"line":27},"3":{"name":"(anonymous_3)","decl":{"start":{"line":32,"column":2},"end":{"line":32,"column":3}},"loc":{"start":{"line":32,"column":11},"end":{"line":56,"column":3}},"line":32}},"branchMap":{},"s":{"0":10,"1":10,"2":10,"3":1,"4":1,"5":10,"6":1,"7":1,"8":21,"9":21},"f":{"0":10,"1":1,"2":1,"3":21},"b":{},"_coverageSchema":"1a1c01bbd47fc00a2c39e90264f33305004495a9","hash":"2daa9e26c91c6363f55dfa2affe2c25516967a31"}
}
