{"C:\\Users\\sachi\\Desktop\\infinite\\infinitescroll\\src\\Components\\SearchBar.tsx": {"path":"C:\\Users\\sachi\\Desktop\\infinite\\infinitescroll\\src\\Components\\SearchBar.tsx","statementMap":{"0":{"start":{"line":15,"column":4},"end":{"line":15,"column":17}},"1":{"start":{"line":17,"column":4},"end":{"line":19,"column":6}},"2":{"start":{"line":22,"column":17},"end":{"line":25,"column":3}},"3":{"start":{"line":23,"column":23},"end":{"line":23,"column":51}},"4":{"start":{"line":24,"column":4},"end":{"line":24,"column":34}},"5":{"start":{"line":27,"column":17},"end":{"line":30,"column":3}},"6":{"start":{"line":28,"column":27},"end":{"line":28,"column":37}},"7":{"start":{"line":29,"column":4},"end":{"line":29,"column":36}},"8":{"start":{"line":33,"column":27},"end":{"line":33,"column":37}},"9":{"start":{"line":35,"column":4},"end":{"line":55,"column":6}}},"fnMap":{"0":{"name":"(anonymous_0)","decl":{"start":{"line":14,"column":2},"end":{"line":14,"column":3}},"loc":{"start":{"line":14,"column":37},"end":{"line":20,"column":3}},"line":14},"1":{"name":"(anonymous_1)","decl":{"start":{"line":22,"column":17},"end":{"line":22,"column":18}},"loc":{"start":{"line":22,"column":61},"end":{"line":25,"column":3}},"line":22},"2":{"name":"(anonymous_2)","decl":{"start":{"line":27,"column":17},"end":{"line":27,"column":18}},"loc":{"start":{"line":27,"column":23},"end":{"line":30,"column":3}},"line":27},"3":{"name":"(anonymous_3)","decl":{"start":{"line":32,"column":2},"end":{"line":32,"column":3}},"loc":{"start":{"line":32,"column":11},"end":{"line":56,"column":3}},"line":32}},"branchMap":{},"s":{"0":2,"1":2,"2":2,"3":1,"4":1,"5":2,"6":1,"7":1,"8":3,"9":3},"f":{"0":2,"1":1,"2":1,"3":3},"b":{},"_coverageSchema":"1a1c01bbd47fc00a2c39e90264f33305004495a9","hash":"2daa9e26c91c6363f55dfa2affe2c25516967a31"}
}
