TN:
SF:src\App.tsx
FN:21,(anonymous_0)
FN:34,(anonymous_1)
FN:40,(anonymous_2)
FN:45,(anonymous_3)
FN:56,(anonymous_4)
FN:86,(anonymous_5)
FN:93,(anonymous_6)
FN:100,(anonymous_7)
FN:104,(anonymous_8)
FNF:9
FNH:6
FNDA:8,(anonymous_0)
FNDA:8,(anonymous_1)
FNDA:8,(anonymous_2)
FNDA:9,(anonymous_3)
FNDA:9,(anonymous_4)
FNDA:0,(anonymous_5)
FNDA:0,(anonymous_6)
FNDA:0,(anonymous_7)
FNDA:18,(anonymous_8)
DA:22,8
DA:24,8
DA:35,8
DA:36,8
DA:37,8
DA:41,8
DA:42,8
DA:45,8
DA:46,9
DA:47,9
DA:48,9
DA:52,0
DA:56,8
DA:57,9
DA:58,9
DA:59,0
DA:60,0
DA:63,9
DA:64,9
DA:66,9
DA:69,9
DA:70,9
DA:75,8
DA:80,1
DA:82,9
DA:86,8
DA:87,0
DA:88,0
DA:89,0
DA:90,0
DA:92,0
DA:94,0
DA:97,0
DA:100,8
DA:101,0
DA:105,18
DA:106,18
LF:37
LH:26
BRDA:48,0,0,0
BRDA:48,0,1,9
BRDA:49,1,0,9
BRDA:49,1,1,0
BRDA:58,2,0,0
BRDA:58,2,1,9
BRDA:58,3,0,9
BRDA:58,3,1,0
BRDA:69,4,0,9
BRDA:69,4,1,0
BRDA:88,5,0,0
BRDA:88,5,1,0
BRDA:94,6,0,0
BRDA:94,6,1,0
BRDA:110,7,0,18
BRDA:110,7,1,10
BRDA:118,8,0,0
BRDA:118,8,1,18
BRF:18
BRH:8
end_of_record
TN:
SF:src\Components\PostDetails.tsx
FN:20,(anonymous_0)
FNF:1
FNH:1
FNDA:2,(anonymous_0)
DA:21,2
DA:22,2
DA:23,1
DA:26,1
LF:4
LH:4
BRDA:22,0,0,1
BRDA:22,0,1,1
BRF:2
BRH:2
end_of_record
TN:
SF:src\Components\PostList.tsx
FN:18,(anonymous_0)
FN:26,(anonymous_1)
FN:31,(anonymous_2)
FN:44,(anonymous_3)
FNF:4
FNH:4
FNDA:10,(anonymous_0)
FNDA:20,(anonymous_1)
FNDA:4,(anonymous_2)
FNDA:1,(anonymous_3)
DA:19,10
DA:21,10
DA:27,20
DA:28,20
DA:40,4
DA:44,1
LF:6
LH:6
BRF:0
BRH:0
end_of_record
TN:
SF:src\Components\SearchBar.tsx
FN:14,(anonymous_0)
FN:22,(anonymous_1)
FN:27,(anonymous_2)
FN:32,(anonymous_3)
FNF:4
FNH:4
FNDA:10,(anonymous_0)
FNDA:1,(anonymous_1)
FNDA:1,(anonymous_2)
FNDA:21,(anonymous_3)
DA:15,10
DA:17,10
DA:22,10
DA:23,1
DA:24,1
DA:27,10
DA:28,1
DA:29,1
DA:33,21
DA:35,21
LF:10
LH:10
BRF:0
BRH:0
end_of_record
